# JRE version: Java(TM) SE Runtime Environment (26.0+35) (build 26+35-2893)
# Java VM: Java HotSpot(TM) 64-Bit Server VM (26+35-2893, mixed mode, sharing, tiered, compressed oops, compressed class ptrs, g1 gc, windows-amd64)
GC Precious Log:
 CardTable entry size: 512
 Card Set container configuration: InlinePtr #cards 4 size 8 Array Of Cards #cards 32 size 80 Howl #buckets 8 coarsen threshold 7372 Howl Bitmap #cards 1024 size 144 coarsen threshold 921 Card regions per heap region 1 cards per card region 8192
 CPUs: 12 total, 12 available
 Memory: 32671M
 Large Page Support: Disabled
 NUMA Support: Disabled
 Compressed Oops: Enabled (Zero based)
 Heap Region Size: 4M
 Heap Min Capacity: 8M
 Heap Initial Capacity: 8M
 Heap Max Capacity: 8168M
 Pre-touch: Disabled
 Parallel Workers: 10
 Concurrent Workers: 3
 Concurrent Refinement Workers: 10
 Periodic GC: Disabled
Heap:
 garbage-first heap   total reserved 8364032K, committed 32768K, used 21945K [0x0000000601800000, 0x0000000800000000)
  region size 4M, 3 eden (12M), 1 survivor (4M), 2 old (8M), 0 humongous (0M), 0 free (0M)
GC Heap Usage History (20 events):
Event: 0.097 {heap After GC invocations=2 (full 0):
 garbage-first heap   total reserved 8364032K, committed 16384K, used 1962K [0x0000000601800000, 0x0000000800000000)
  region size 4M, 0 eden (0M), 1 survivor (4M), 1 old (4M), 0 humongous (0M), 2 free (8M)
}
Event: 0.197 {heap Before GC invocations=3 (full 0):
 garbage-first heap   total reserved 8364032K, committed 16384K, used 6058K [0x0000000601800000, 0x0000000800000000)
  region size 4M, 1 eden (4M), 1 survivor (4M), 1 old (4M), 0 humongous (0M), 1 free (4M)
}
Event: 0.199 {heap After GC invocations=4 (full 0):
 garbage-first heap   total reserved 8364032K, committed 16384K, used 2616K [0x0000000601800000, 0x0000000800000000)
  region size 4M, 0 eden (0M), 1 survivor (4M), 1 old (4M), 0 humongous (0M), 2 free (8M)
}
Event: 0.457 {heap Before GC invocations=4 (full 0):
 garbage-first heap   total reserved 8364032K, committed 16384K, used 6712K [0x0000000601800000, 0x0000000800000000)
  region size 4M, 1 eden (4M), 1 survivor (4M), 1 old (4M), 0 humongous (0M), 1 free (4M)
}
Event: 0.459 {heap After GC invocations=5 (full 0):
 garbage-first heap   total reserved 8364032K, committed 20480K, used 2615K [0x0000000601800000, 0x0000000800000000)
  region size 4M, 0 eden (0M), 1 survivor (4M), 1 old (4M), 0 humongous (0M), 3 free (12M)
}
Event: 0.484 {heap Before GC invocations=5 (full 0):
 garbage-first heap   total reserved 8364032K, committed 20480K, used 6711K [0x0000000601800000, 0x0000000800000000)
  region size 4M, 1 eden (4M), 1 survivor (4M), 1 old (4M), 0 humongous (0M), 2 free (8M)
}
Event: 0.485 {heap After GC invocations=6 (full 0):
 garbage-first heap   total reserved 8364032K, committed 20480K, used 3295K [0x0000000601800000, 0x0000000800000000)
  region size 4M, 0 eden (0M), 1 survivor (4M), 1 old (4M), 0 humongous (0M), 3 free (12M)
}
Event: 0.555 {heap Before GC invocations=6 (full 0):
 garbage-first heap   total reserved 8364032K, committed 20480K, used 11487K [0x0000000601800000, 0x0000000800000000)
  region size 4M, 2 eden (8M), 1 survivor (4M), 1 old (4M), 0 humongous (0M), 1 free (4M)
}
Event: 0.556 {heap After GC invocations=7 (full 0):
 garbage-first heap   total reserved 8364032K, committed 20480K, used 3923K [0x0000000601800000, 0x0000000800000000)
  region size 4M, 0 eden (0M), 1 survivor (4M), 1 old (4M), 0 humongous (0M), 3 free (12M)
}
Event: 0.605 {heap Before GC invocations=7 (full 0):
 garbage-first heap   total reserved 8364032K, committed 20480K, used 12115K [0x0000000601800000, 0x0000000800000000)
  region size 4M, 2 eden (8M), 1 survivor (4M), 1 old (4M), 0 humongous (0M), 1 free (4M)
}
Event: 0.607 {heap After GC invocations=8 (full 0):
 garbage-first heap   total reserved 8364032K, committed 28672K, used 5305K [0x0000000601800000, 0x0000000800000000)
  region size 4M, 0 eden (0M), 1 survivor (4M), 1 old (4M), 0 humongous (0M), 5 free (20M)
}
Event: 0.743 {heap Before GC invocations=8 (full 0):
 garbage-first heap   total reserved 8364032K, committed 28672K, used 17593K [0x0000000601800000, 0x0000000800000000)
  region size 4M, 3 eden (12M), 1 survivor (4M), 1 old (4M), 0 humongous (0M), 2 free (8M)
}
Event: 0.745 {heap After GC invocations=9 (full 0):
 garbage-first heap   total reserved 8364032K, committed 28672K, used 5968K [0x0000000601800000, 0x0000000800000000)
  region size 4M, 0 eden (0M), 1 survivor (4M), 1 old (4M), 0 humongous (0M), 5 free (20M)
}
Event: 1.453 {heap Before GC invocations=9 (full 0):
 garbage-first heap   total reserved 8364032K, committed 28672K, used 14160K [0x0000000601800000, 0x0000000800000000)
  region size 4M, 3 eden (12M), 1 survivor (4M), 1 old (4M), 0 humongous (0M), 2 free (8M)
}
Event: 1.455 {heap After GC invocations=10 (full 0):
 garbage-first heap   total reserved 8364032K, committed 28672K, used 8130K [0x0000000601800000, 0x0000000800000000)
  region size 4M, 0 eden (0M), 1 survivor (4M), 1 old (4M), 0 humongous (0M), 5 free (20M)
}
Event: 1.525 {heap Before GC invocations=10 (full 0):
 garbage-first heap   total reserved 8364032K, committed 28672K, used 20418K [0x0000000601800000, 0x0000000800000000)
  region size 4M, 3 eden (12M), 1 survivor (4M), 1 old (4M), 0 humongous (0M), 2 free (8M)
}
Event: 1.527 {heap After GC invocations=11 (full 0):
 garbage-first heap   total reserved 8364032K, committed 32768K, used 9495K [0x0000000601800000, 0x0000000800000000)
  region size 4M, 0 eden (0M), 1 survivor (4M), 3 old (12M), 0 humongous (0M), 4 free (16M)
}
Event: 1.574 {heap Before GC invocations=11 (full 0):
 garbage-first heap   total reserved 8364032K, committed 32768K, used 17687K [0x0000000601800000, 0x0000000800000000)
  region size 4M, 2 eden (8M), 1 survivor (4M), 3 old (12M), 0 humongous (0M), 2 free (8M)
}
Event: 1.575 {heap After GC invocations=12 (full 0):
 garbage-first heap   total reserved 8364032K, committed 32768K, used 9657K [0x0000000601800000, 0x0000000800000000)
  region size 4M, 0 eden (0M), 1 survivor (4M), 3 old (12M), 0 humongous (0M), 4 free (16M)
}
Event: 2.609 {heap Before GC invocations=12 (full 0):
 garbage-first heap   total reserved 8364032K, committed 32768K, used 21945K [0x0000000601800000, 0x0000000800000000)
  region size 4M, 3 eden (12M), 1 survivor (4M), 3 old (12M), 0 humongous (0M), 1 free (4M)
}

